0 info it worked if it ends with ok
1 verbose cli [ '/usr/bin/nodejs', '/usr/bin/npm', 'install', '-g', 'uglify-js' ]
2 info using npm@1.4.21
3 info using node@v0.10.25
4 verbose cache add [ 'uglify-js', null ]
5 verbose cache add name=undefined spec="uglify-js" args=["uglify-js",null]
6 verbose parsed url { protocol: null,
6 verbose parsed url   slashes: null,
6 verbose parsed url   auth: null,
6 verbose parsed url   host: null,
6 verbose parsed url   port: null,
6 verbose parsed url   hostname: null,
6 verbose parsed url   hash: null,
6 verbose parsed url   search: null,
6 verbose parsed url   query: null,
6 verbose parsed url   pathname: 'uglify-js',
6 verbose parsed url   path: 'uglify-js',
6 verbose parsed url   href: 'uglify-js' }
7 silly lockFile d31cae06-uglify-js uglify-js
8 verbose lock uglify-js /home/lucas/.npm/d31cae06-uglify-js.lock
9 silly lockFile d31cae06-uglify-js uglify-js
10 silly lockFile d31cae06-uglify-js uglify-js
11 verbose addNamed [ 'uglify-js', '' ]
12 verbose addNamed [ null, '*' ]
13 silly lockFile 679a1028-uglify-js uglify-js@
14 verbose lock uglify-js@ /home/lucas/.npm/679a1028-uglify-js.lock
15 silly addNameRange { name: 'uglify-js', range: '*', hasData: false }
16 verbose request where is /uglify-js
17 verbose request registry https://registry.npmjs.org/
18 verbose request id a06a54af553967a3
19 verbose url raw /uglify-js
20 verbose url resolving [ 'https://registry.npmjs.org/', './uglify-js' ]
21 verbose url resolved https://registry.npmjs.org/uglify-js
22 verbose request where is https://registry.npmjs.org/uglify-js
23 info trying registry request attempt 1 at 10:25:38
24 verbose etag "9QWQHYYL5ADVU2D39MF6KC8BC"
25 http GET https://registry.npmjs.org/uglify-js
26 http 304 https://registry.npmjs.org/uglify-js
27 silly registry.get cb [ 304,
27 silly registry.get   { date: 'Fri, 13 May 2016 08:25:37 GMT',
27 silly registry.get     via: '1.1 varnish',
27 silly registry.get     'cache-control': 'max-age=300',
27 silly registry.get     etag: '"9QWQHYYL5ADVU2D39MF6KC8BC"',
27 silly registry.get     age: '81',
27 silly registry.get     connection: 'keep-alive',
27 silly registry.get     'x-served-by': 'cache-fra1237-FRA',
27 silly registry.get     'x-cache': 'HIT',
27 silly registry.get     'x-cache-hits': '6',
27 silly registry.get     'x-timer': 'S1463127937.867734,VS0,VE0',
27 silly registry.get     vary: 'Accept-Encoding' } ]
28 verbose etag https://registry.npmjs.org/uglify-js from cache
29 silly addNameRange number 2 { name: 'uglify-js', range: '*', hasData: true }
30 silly addNameRange versions [ 'uglify-js',
30 silly addNameRange   [ '0.0.1',
30 silly addNameRange     '0.0.2',
30 silly addNameRange     '0.0.3',
30 silly addNameRange     '0.0.4',
30 silly addNameRange     '0.0.5',
30 silly addNameRange     '1.0.1',
30 silly addNameRange     '1.0.2',
30 silly addNameRange     '1.0.3',
30 silly addNameRange     '1.0.4',
30 silly addNameRange     '1.0.5',
30 silly addNameRange     '1.0.6',
30 silly addNameRange     '1.0.7',
30 silly addNameRange     '1.1.0',
30 silly addNameRange     '1.1.1',
30 silly addNameRange     '1.2.0',
30 silly addNameRange     '1.2.1',
30 silly addNameRange     '1.2.2',
30 silly addNameRange     '1.2.3',
30 silly addNameRange     '1.2.4',
30 silly addNameRange     '1.2.5',
30 silly addNameRange     '1.2.6',
30 silly addNameRange     '1.3.0',
30 silly addNameRange     '1.3.1',
30 silly addNameRange     '1.3.2',
30 silly addNameRange     '1.3.3',
30 silly addNameRange     '1.3.4',
30 silly addNameRange     '2.2.0',
30 silly addNameRange     '2.2.1',
30 silly addNameRange     '2.2.2',
30 silly addNameRange     '2.2.3',
30 silly addNameRange     '2.2.4',
30 silly addNameRange     '2.2.5',
30 silly addNameRange     '2.3.0',
30 silly addNameRange     '2.3.1',
30 silly addNameRange     '2.3.2',
30 silly addNameRange     '2.3.3',
30 silly addNameRange     '2.3.4',
30 silly addNameRange     '2.3.5',
30 silly addNameRange     '2.3.6',
30 silly addNameRange     '1.3.5',
30 silly addNameRange     '2.4.0',
30 silly addNameRange     '2.4.1',
30 silly addNameRange     '2.4.2',
30 silly addNameRange     '2.4.3',
30 silly addNameRange     '2.4.4',
30 silly addNameRange     '2.4.5',
30 silly addNameRange     '2.4.6',
30 silly addNameRange     '2.4.7',
30 silly addNameRange     '2.4.8',
30 silly addNameRange     '2.4.9',
30 silly addNameRange     '2.4.10',
30 silly addNameRange     '2.4.11',
30 silly addNameRange     '2.4.12',
30 silly addNameRange     '2.4.13',
30 silly addNameRange     '2.4.14',
30 silly addNameRange     '2.4.15',
30 silly addNameRange     '2.4.16',
30 silly addNameRange     '2.4.17',
30 silly addNameRange     '2.4.18',
30 silly addNameRange     '2.4.19',
30 silly addNameRange     '2.4.20',
30 silly addNameRange     '2.4.21',
30 silly addNameRange     '2.4.22',
30 silly addNameRange     '2.4.23',
30 silly addNameRange     '2.4.24',
30 silly addNameRange     '2.5.0',
30 silly addNameRange     '2.6.0',
30 silly addNameRange     '2.6.1',
30 silly addNameRange     '2.6.2' ] ]
31 verbose addNamed [ 'uglify-js', '2.6.2' ]
32 verbose addNamed [ '2.6.2', '2.6.2' ]
33 silly lockFile 11e2943f-uglify-js-2-6-2 uglify-js@2.6.2
34 verbose lock uglify-js@2.6.2 /home/lucas/.npm/11e2943f-uglify-js-2-6-2.lock
35 silly lockFile 11e2943f-uglify-js-2-6-2 uglify-js@2.6.2
36 silly lockFile 11e2943f-uglify-js-2-6-2 uglify-js@2.6.2
37 silly lockFile 679a1028-uglify-js uglify-js@
38 silly lockFile 679a1028-uglify-js uglify-js@
39 silly resolved [ { name: 'uglify-js',
39 silly resolved     description: 'JavaScript parser, mangler/compressor and beautifier toolkit',
39 silly resolved     homepage: 'http://lisperator.net/uglifyjs',
39 silly resolved     author:
39 silly resolved      { name: 'Mihai Bazon',
39 silly resolved        email: 'mihai.bazon@gmail.com',
39 silly resolved        url: 'http://lisperator.net/' },
39 silly resolved     license: 'BSD-2-Clause',
39 silly resolved     version: '2.6.2',
39 silly resolved     engines: { node: '>=0.8.0' },
39 silly resolved     maintainers: [ [Object], [Object], [Object] ],
39 silly resolved     repository: { type: 'git', url: 'https://github.com/mishoo/UglifyJS2.git' },
39 silly resolved     bugs: { url: 'https://github.com/mishoo/UglifyJS2/issues' },
39 silly resolved     main: 'tools/node.js',
39 silly resolved     bin: { uglifyjs: 'bin/uglifyjs' },
39 silly resolved     files: [ 'bin', 'lib', 'tools', 'LICENSE' ],
39 silly resolved     dependencies:
39 silly resolved      { async: '~0.2.6',
39 silly resolved        'source-map': '~0.5.1',
39 silly resolved        'uglify-to-browserify': '~1.0.0',
39 silly resolved        yargs: '~3.10.0' },
39 silly resolved     devDependencies:
39 silly resolved      { acorn: '~0.6.0',
39 silly resolved        escodegen: '~1.3.3',
39 silly resolved        esfuzz: '~0.3.1',
39 silly resolved        estraverse: '~1.5.1',
39 silly resolved        mocha: '~2.3.4' },
39 silly resolved     browserify: { transform: [Object] },
39 silly resolved     scripts:
39 silly resolved      { shrinkwrap: 'rm ./npm-shrinkwrap.json; rm -rf ./node_modules; npm i && npm shrinkwrap && npm outdated',
39 silly resolved        test: 'node test/run-tests.js' },
39 silly resolved     keywords: [ 'uglify', 'uglify-js', 'minify', 'minifier' ],
39 silly resolved     gitHead: '294861ba96aaf61591e2158c9e9ffad50f58625d',
39 silly resolved     _id: 'uglify-js@2.6.2',
39 silly resolved     _shasum: 'f50be88a42cd396a6251dc52ab372f71cc12fef0',
39 silly resolved     _from: 'uglify-js@',
39 silly resolved     _npmVersion: '3.6.0',
39 silly resolved     _nodeVersion: '5.6.0',
39 silly resolved     _npmUser: { name: 'mishoo', email: 'mihai.bazon@gmail.com' },
39 silly resolved     dist:
39 silly resolved      { shasum: 'f50be88a42cd396a6251dc52ab372f71cc12fef0',
39 silly resolved        tarball: 'https://registry.npmjs.org/uglify-js/-/uglify-js-2.6.2.tgz' },
39 silly resolved     _npmOperationalInternal:
39 silly resolved      { host: 'packages-9-west.internal.npmjs.com',
39 silly resolved        tmp: 'tmp/uglify-js-2.6.2.tgz_1456170007109_0.7073737715836614' },
39 silly resolved     directories: {},
39 silly resolved     _resolved: 'https://registry.npmjs.org/uglify-js/-/uglify-js-2.6.2.tgz',
39 silly resolved     readme: 'ERROR: No README data found!' } ]
40 info install uglify-js@2.6.2 into /usr/local/lib
41 info installOne uglify-js@2.6.2
42 verbose lib/node_modules/uglify-js unbuild
43 info preuninstall uglify-js@2.6.2
44 info uninstall uglify-js@2.6.2
45 verbose true,/usr/local/lib/node_modules,/usr/local/lib/node_modules unbuild uglify-js@2.6.2
46 verbose /usr/local/bin,[object Object] binRoot
47 verbose lib/node_modules/uglify-js unbuild
48 info preuninstall uglify-js@2.6.2
49 info uninstall uglify-js@2.6.2
50 verbose true,/usr/local/lib/node_modules,/usr/local/lib/node_modules unbuild uglify-js@2.6.2
51 verbose /usr/local/bin,[object Object] binRoot
52 error error rolling back Error: EACCES, unlink '/usr/local/bin/uglifyjs'
52 error error rolling back  uglify-js@2.6.2 { [Error: EACCES, unlink '/usr/local/bin/uglifyjs'] errno: 3, code: 'EACCES', path: '/usr/local/bin/uglifyjs' }
53 error Error: EACCES, unlink '/usr/local/bin/uglifyjs'
53 error  { [Error: EACCES, unlink '/usr/local/bin/uglifyjs'] errno: 3, code: 'EACCES', path: '/usr/local/bin/uglifyjs' }
54 error Please try running this command again as root/Administrator.
55 error System Linux 4.2.0-35-generic
56 error command "/usr/bin/nodejs" "/usr/bin/npm" "install" "-g" "uglify-js"
57 error cwd /var/www/html/HorseRanking/js/jsPDF-1.2.60
58 error node -v v0.10.25
59 error npm -v 1.4.21
60 error path /usr/local/bin/uglifyjs
61 error code EACCES
62 error errno 3
63 error stack Error: EACCES, unlink '/usr/local/bin/uglifyjs'
64 verbose exit [ 3, true ]
